<?xml version="1.0" encoding="UTF-8"?>
<!-- Generated by org.testng.reporters.JUnitReportReporter -->
<testsuite hostname="ojt12-PC" name="CommonFunlibrary.NewTest" tests="1" failures="0" timestamp="11 Feb 2020 09:24:47 GMT" time="326.800" errors="0">
  <testcase name="f" time="326.800" classname="CommonFunlibrary.NewTest"/>
</testsuite> <!-- CommonFunlibrary.NewTest -->
